
Check of the SW term for abelian background fields
--------------------------------------------------

32x16x8x8 lattice, 2x2x1x1 process grid, 16x8x8x8 local lattice

For this test to pass, the calculated differences delta
should be at most 1*10^(-14) or so

m0=1.0000, csw=1.2340

Field number 1:
The parameters are:
t=-1.00,0.56,0.43, a=-0.41,0.23,-1.44,0.75, np=20,10,6,7
delta = 6.22e-15

Field number 2:
The parameters are:
t=-0.98,-0.03,1.01, a=-0.82,-2.01,-0.14,-0.02, np=27,15,3,5
delta = 9.90e-15

Field number 3:
The parameters are:
t=0.01,0.31,-0.32, a=-0.57,1.06,0.64,-0.39, np=6,13,4,5
delta = 1.28e-15

Field number 4:
The parameters are:
t=1.66,1.17,-2.84, a=-0.60,0.75,0.48,-0.17, np=28,12,5,1
delta = 1.10e-14


