
QCD single-precision speed test
-------------------------------

32x32x16x16 lattice, 2x2x1x1 process grid, 16x16x16x16 local lattice

There are 4 MPI processes
The local size of the gauge field is 18 MB
The local size of a quark field is 6 MB
Using inline assembly SSE3 instructions
Assuming SSE prefetch instructions fetch 64 bytes

Program norm_square:
Time per lattice point: 0.060 usec (806 Mflops/process)

Program mulc_spinor_add:
Time per lattice point: 0.119 usec (803 Mflops/process)

Program Qhat:
Time per lattice point: 2.205 usec (859 Mflops/process)

########################################################
#                                                      #
#             SYNTHETIC QCD SPEED TEST                 #
#                                                      #
#  Using single-precision (32 bit) data and programs   #
#                                                      #
#   Time per lattice point:     4.887 usec             #
#   Average speed:              0.854 Gflops/process   #
#   Total throughput:           3.418 Gflops           #
#                                                      #
########################################################

